{"/Users/anderson.amorim.s/Documents/tdd-voitto/m1-deafaio-tech/index.js": {"path":"/Users/anderson.amorim.s/Documents/tdd-voitto/m1-deafaio-tech/index.js","all":false,"statementMap":{"0":{"start":{"line":1,"column":0},"end":{"line":1,"column":48}},"1":{"start":{"line":2,"column":0},"end":{"line":2,"column":40}},"2":{"start":{"line":3,"column":0},"end":{"line":3,"column":14}},"3":{"start":{"line":4,"column":0},"end":{"line":4,"column":5}},"4":{"start":{"line":5,"column":0},"end":{"line":5,"column":30}},"5":{"start":{"line":6,"column":0},"end":{"line":6,"column":3}},"6":{"start":{"line":7,"column":0},"end":{"line":7,"column":2}},"7":{"start":{"line":8,"column":0},"end":{"line":8,"column":38}}},"s":{"0":2,"1":2,"2":1,"3":1,"4":1,"5":1,"6":1,"7":1},"branchMap":{"0":{"type":"branch","line":1,"loc":{"start":{"line":1,"column":0},"end":{"line":6,"column":3}},"locations":[{"start":{"line":1,"column":0},"end":{"line":6,"column":3}}]},"1":{"type":"branch","line":2,"loc":{"start":{"line":2,"column":18},"end":{"line":2,"column":37}},"locations":[{"start":{"line":2,"column":18},"end":{"line":2,"column":37}}]},"2":{"type":"branch","line":2,"loc":{"start":{"line":2,"column":39},"end":{"line":6,"column":3}},"locations":[{"start":{"line":2,"column":39},"end":{"line":6,"column":3}}]}},"b":{"0":[2],"1":[1],"2":[1]},"fnMap":{"0":{"name":"calcularValorTotal","decl":{"start":{"line":1,"column":0},"end":{"line":6,"column":3}},"loc":{"start":{"line":1,"column":0},"end":{"line":6,"column":3}},"line":1}},"f":{"0":2}}
}
