{"/Users/anderson.amorim.s/Documents/tdd-voitto/m2-lesson6/index.js": {"path":"/Users/anderson.amorim.s/Documents/tdd-voitto/m2-lesson6/index.js","all":false,"statementMap":{"0":{"start":{"line":1,"column":0},"end":{"line":1,"column":41}},"1":{"start":{"line":2,"column":0},"end":{"line":2,"column":18}},"2":{"start":{"line":3,"column":0},"end":{"line":3,"column":58}},"3":{"start":{"line":4,"column":0},"end":{"line":4,"column":5}},"4":{"start":{"line":5,"column":0},"end":{"line":5,"column":17}},"5":{"start":{"line":6,"column":0},"end":{"line":6,"column":1}}},"s":{"0":1,"1":2,"2":1,"3":1,"4":1,"5":1},"branchMap":{"0":{"type":"branch","line":1,"loc":{"start":{"line":1,"column":17},"end":{"line":6,"column":1}},"locations":[{"start":{"line":1,"column":17},"end":{"line":6,"column":1}}]},"1":{"type":"branch","line":2,"loc":{"start":{"line":2,"column":17},"end":{"line":6,"column":1}},"locations":[{"start":{"line":2,"column":17},"end":{"line":6,"column":1}}]}},"b":{"0":[2],"1":[1]},"fnMap":{"0":{"name":"dividir","decl":{"start":{"line":1,"column":17},"end":{"line":6,"column":1}},"loc":{"start":{"line":1,"column":17},"end":{"line":6,"column":1}},"line":1}},"f":{"0":2}}
}
